<?xml version="1.0" encoding="UTF-8"?>
<!-- Generated by org.testng.reporters.JUnitReportReporter -->
<testsuite skipped="0" hostname="DESKTOP-SJ4I28F" name="linkden.Test.AppTest" tests="1" failures="0" timestamp="24 Nov 2019 09:40:07 GMT" time="31.672" errors="0">
  <testcase name="validation" time="31.672" classname="linkden.Test.AppTest"/>
</testsuite> <!-- linkden.Test.AppTest -->
